C51 COMPILER V9.52.0.0   DELAY                                                             11/01/2018 16:54:57 PAGE 1   


C51 COMPILER V9.52.0.0, COMPILATION OF MODULE DELAY
OBJECT MODULE PLACED IN .\Delay.obj
COMPILER INVOKED BY: C:\Keil\C51\BIN\C51.EXE ..\N76E003_BSP_Keil_C51_V1.0.5\Common\Delay.c BROWSE INCDIR(..\N76E003_BSP_
                    -Keil_C51_V1.0.5;..\N76E003_BSP_Keil_C51_V1.0.5\Include) DEBUG OBJECTEXTEND PRINT(.\Delay.lst) TABS(2) OBJECT(.\Delay.obj
                    -)

line level    source

   1          /*--------------------------------------------------------------------------------------------------------
             --*/
   2          /*                                                                                                        
             - */
   3          /* Copyright(c) 2016 Nuvoton Technology Corp. All rights reserved.                                        
             - */
   4          /*                                                                                                        
             - */
   5          /*--------------------------------------------------------------------------------------------------------
             --*/
   6          
   7          //********************************************************************************************************
             -***
   8          //  Nuvoton Technoledge Corp. 
   9          //  Website: http://www.nuvoton.com
  10          //  E-Mail : MicroC-8bit@nuvoton.com
  11          //  Date   : Apr/21/2016
  12          //********************************************************************************************************
             -***
  13          
  14          #include "N76E003.h"
  15          #include "Common.h"
  16          #include "Delay.h"
  17          #include "SFR_Macro.h"
  18          #include "Function_define.h"
  19          bit BIT_TMP;
  20          
  21          //-------------------------------------------------------------------------
  22          //void Timer0_Delay100us(UINT32 u32CNT)
  23          //{
  24          //    clr_T0M;                                    //T0M=0, Timer0 Clock = Fsys/12
  25          //    TMOD |= 0x01;                               //Timer0 is 16-bit mode
  26          //    set_TR0;                                    //Start Timer0
  27          //    while (u32CNT != 0)
  28          //    {
  29          //        TL0 = LOBYTE(TIMER_DIV12_VALUE_100us);  //Find  define in "Function_define.h" "TIMER VALUE"
  30          //        TH0 = HIBYTE(TIMER_DIV12_VALUE_100us);
  31          //        while (TF0 != 1);                       //Check Timer0 Time-Out Flag
  32          //        clr_TF0;
  33          //        u32CNT --;
  34          //    }
  35          //    clr_TR0;                                    //Stop Timer0
  36          //}
  37          //------------------------------------------------------------------------------
  38          //void Timer0_Delay1ms(UINT32 u32CNT)
  39          //{
  40          //    clr_T0M;                                    //T0M=0, Timer0 Clock = Fsys/12
  41          //    TMOD |= 0x01;                               //Timer0 is 16-bit mode
  42          //    set_TR0;                                    //Start Timer0
  43          //    while (u32CNT != 0)
  44          //    {
  45          //        TL0 = LOBYTE(TIMER_DIV12_VALUE_1ms);    //Find  define in "Function_define.h" "TIMER VALUE"
  46          //        TH0 = HIBYTE(TIMER_DIV12_VALUE_1ms);
C51 COMPILER V9.52.0.0   DELAY                                                             11/01/2018 16:54:57 PAGE 2   

  47          //        while (TF0 != 1);                       //Check Timer0 Time-Out Flag
  48          //        clr_TF0;
  49          //        u32CNT --;
  50          //    }
  51          //    clr_TR0;                                    //Stop Timer0
  52          //}
  53          
  54          //------------------------------------------------------------------------------
  55          //void Timer1_Delay10ms(UINT32 u32CNT)
  56          //{
  57          //    clr_T1M;                                    //T1M=0, Timer1 Clock = Fsys/12
  58          //    TMOD |= 0x10;                               //Timer1 is 16-bit mode
  59          //    set_TR1;                                    //Start Timer1
  60          //    while (u32CNT != 0)
  61          //    {
  62          //        TL1 = LOBYTE(TIMER_DIV12_VALUE_10ms);   //Find  define in "Function_define.h" "TIMER VALUE"
  63          //        TH1 = HIBYTE(TIMER_DIV12_VALUE_10ms);
  64          //        while (TF1 != 1);                       //Check Timer1 Time-Out Flag
  65          //        clr_TF1;
  66          //        u32CNT --;
  67          //    }
  68          //    clr_TR1;                                    //Stop Timer1
  69          //}
  70          //------------------------------------------------------------------------------
  71          //void Timer2_Delay500us(UINT32 u32CNT)
  72          //{
  73          //    clr_T2DIV2;                                 //Timer2 Clock = Fsys/4 
  74          //    clr_T2DIV1;
  75          //    set_T2DIV0;
  76          //    set_TR2;                                    //Start Timer2
  77          //    while (u32CNT != 0)
  78          //    {
  79          //        TL2 = LOBYTE(TIMER_DIV4_VALUE_500us);   //Find  define in "Function_define.h" "TIMER VALUE"
  80          //        TH2 = HIBYTE(TIMER_DIV4_VALUE_500us);
  81          //        while (TF2 != 1);                       //Check Timer2 Time-Out Flag
  82          //        clr_TF2;
  83          //        u32CNT --;
  84          //    }
  85          //    clr_TR2;                                    //Stop Timer2
  86          //}
  87          //------------------------------------------------------------------------------
  88          //void Timer3_Delay100ms(UINT32 u32CNT)
  89          //{
  90          //    T3CON = 0x07;                               //Timer3 Clock = Fsys/128
  91          //    set_TR3;                                    //Trigger Timer3
  92          //    while (u32CNT != 0)
  93          //    {
  94          //        RL3 = LOBYTE(TIMER_DIV128_VALUE_100ms); //Find  define in "Function_define.h" "TIMER VALUE"
  95          //        RH3 = HIBYTE(TIMER_DIV128_VALUE_100ms);
  96          //        while ((T3CON&SET_BIT4) != SET_BIT4);   //Check Timer3 Time-Out Flag
  97          //        clr_TF3;
  98          //        u32CNT --;
  99          //    }
 100          //    clr_TR3;                                    //Stop Timer3
 101          //}
 102          //------------------------------------------------------------------------------
 103          //void Timer3_Delay10us(UINT32 u32CNT)
 104          //{
 105          //    T3CON = 0x07;                               //Timer3 Clock = Fsys/128
 106          //    set_TR3;                                    //Trigger Timer3
 107          //    while (u32CNT != 0)
 108          //    {
C51 COMPILER V9.52.0.0   DELAY                                                             11/01/2018 16:54:57 PAGE 3   

 109          //        RL3 = LOBYTE(TIMER_DIV4_VALUE_10us); //Find  define in "Function_define.h" "TIMER VALUE"
 110          //        RH3 = HIBYTE(TIMER_DIV4_VALUE_10us);
 111          //        while ((T3CON&SET_BIT4) != SET_BIT4);   //Check Timer3 Time-Out Flag
 112          //        clr_TF3;
 113          //        u32CNT --;
 114          //    }
 115          //    clr_TR3;                                    //Stop Timer3
 116          //}


MODULE INFORMATION:   STATIC OVERLAYABLE
   CODE SIZE        =   ----    ----
   CONSTANT SIZE    =   ----    ----
   XDATA SIZE       =   ----    ----
   PDATA SIZE       =   ----    ----
   DATA SIZE        =   ----    ----
   IDATA SIZE       =   ----    ----
   BIT SIZE         =      1    ----
END OF MODULE INFORMATION.


C51 COMPILATION COMPLETE.  0 WARNING(S),  0 ERROR(S)
